BioNetGen version 2.5.2
Reading from file C:\Users\wolf5212\OneDrive - Nexus365\DPhil Project\Project04_Full cell cycle modelling\cell_cycle_model\versions\v3.1.0\cell_cycle_v3.1.0.bngl (level 0)
Read 104 parameters.
Read 1 compartments.
Read 28 molecule types.
Read 58 species.
Read 4 observable(s).
Read 124 reaction rule(s).
ACTION: generate_network( cell_cycle_v3.1.0 )
Iteration   0:    58 species      0 rxns  0.00e+000 CPU s
Iteration   1:    60 species    225 rxns  3.91e-001 CPU s
Iteration   2:    65 species    236 rxns  1.60e-002 CPU s
Iteration   3:    65 species    282 rxns  9.30e-002 CPU s
Cumulative CPU time for each rule
Rule   1:     1 reactions 0.00e+000 CPU s 0.00e+000 CPU s/rxn
Rule   2:     2 reactions 1.60e-002 CPU s 8.00e-003 CPU s/rxn
Rule   3:     2 reactions 1.50e-002 CPU s 7.50e-003 CPU s/rxn
Rule   4:    14 reactions 1.60e-002 CPU s 1.14e-003 CPU s/rxn
Rule   5:     2 reactions 0.00e+000 CPU s 0.00e+000 CPU s/rxn
Rule   6:     2 reactions 0.00e+000 CPU s 0.00e+000 CPU s/rxn
Rule   7:     2 reactions 0.00e+000 CPU s 0.00e+000 CPU s/rxn
Rule   8:     2 reactions 1.50e-002 CPU s 7.50e-003 CPU s/rxn
Rule   9:     7 reactions 0.00e+000 CPU s 0.00e+000 CPU s/rxn
Rule  10:     7 reactions 1.60e-002 CPU s 2.29e-003 CPU s/rxn
Rule  11:     7 reactions 1.60e-002 CPU s 2.29e-003 CPU s/rxn
Rule  12:     7 reactions 0.00e+000 CPU s 0.00e+000 CPU s/rxn
Rule  13:     7 reactions 1.50e-002 CPU s 2.14e-003 CPU s/rxn
Rule  14:     1 reactions 0.00e+000 CPU s 0.00e+000 CPU s/rxn
Rule  15:     1 reactions 0.00e+000 CPU s 0.00e+000 CPU s/rxn
Rule  16:     1 reactions 1.60e-002 CPU s 1.60e-002 CPU s/rxn
Rule  17:     1 reactions 0.00e+000 CPU s 0.00e+000 CPU s/rxn
Rule  18:     1 reactions 0.00e+000 CPU s 0.00e+000 CPU s/rxn
Rule  19:     2 reactions 0.00e+000 CPU s 0.00e+000 CPU s/rxn
Rule  20:     2 reactions 0.00e+000 CPU s 0.00e+000 CPU s/rxn
Rule  21:     2 reactions 0.00e+000 CPU s 0.00e+000 CPU s/rxn
Rule  22:     1 reactions 0.00e+000 CPU s 0.00e+000 CPU s/rxn
Rule  23:     1 reactions 0.00e+000 CPU s 0.00e+000 CPU s/rxn
Rule  24:     1 reactions 1.50e-002 CPU s 1.50e-002 CPU s/rxn
Rule  25:     3 reactions 0.00e+000 CPU s 0.00e+000 CPU s/rxn
Rule  26:     3 reactions 0.00e+000 CPU s 0.00e+000 CPU s/rxn
Rule  27:     3 reactions 1.60e-002 CPU s 5.33e-003 CPU s/rxn
Rule  28:     3 reactions 0.00e+000 CPU s 0.00e+000 CPU s/rxn
Rule  29:     2 reactions 0.00e+000 CPU s 0.00e+000 CPU s/rxn
Rule  30:     2 reactions 1.60e-002 CPU s 8.00e-003 CPU s/rxn
Rule  31:     2 reactions 0.00e+000 CPU s 0.00e+000 CPU s/rxn
Rule  32:     2 reactions 0.00e+000 CPU s 0.00e+000 CPU s/rxn
Rule  33:     2 reactions 0.00e+000 CPU s 0.00e+000 CPU s/rxn
Rule  34:     4 reactions 1.50e-002 CPU s 3.75e-003 CPU s/rxn
Rule  35:     2 reactions 0.00e+000 CPU s 0.00e+000 CPU s/rxn
Rule  36:     2 reactions 0.00e+000 CPU s 0.00e+000 CPU s/rxn
Rule  37:     2 reactions 0.00e+000 CPU s 0.00e+000 CPU s/rxn
Rule  38:     1 reactions 1.60e-002 CPU s 1.60e-002 CPU s/rxn
Rule  39:     1 reactions 0.00e+000 CPU s 0.00e+000 CPU s/rxn
Rule  40:     1 reactions 0.00e+000 CPU s 0.00e+000 CPU s/rxn
Rule  41:     1 reactions 0.00e+000 CPU s 0.00e+000 CPU s/rxn
Rule  42:     1 reactions 0.00e+000 CPU s 0.00e+000 CPU s/rxn
Rule  43:     2 reactions 0.00e+000 CPU s 0.00e+000 CPU s/rxn
Rule  44:     1 reactions 0.00e+000 CPU s 0.00e+000 CPU s/rxn
Rule  45:     1 reactions 1.60e-002 CPU s 1.60e-002 CPU s/rxn
Rule  46:     1 reactions 0.00e+000 CPU s 0.00e+000 CPU s/rxn
Rule  47:     1 reactions 0.00e+000 CPU s 0.00e+000 CPU s/rxn
Rule  48:     1 reactions 0.00e+000 CPU s 0.00e+000 CPU s/rxn
Rule  49:     2 reactions 0.00e+000 CPU s 0.00e+000 CPU s/rxn
Rule  50:     2 reactions 1.60e-002 CPU s 8.00e-003 CPU s/rxn
Rule  51:     4 reactions 0.00e+000 CPU s 0.00e+000 CPU s/rxn
Rule  52:     2 reactions 1.50e-002 CPU s 7.50e-003 CPU s/rxn
Rule  53:     2 reactions 0.00e+000 CPU s 0.00e+000 CPU s/rxn
Rule  54:     4 reactions 0.00e+000 CPU s 0.00e+000 CPU s/rxn
Rule  55:     8 reactions 1.60e-002 CPU s 2.00e-003 CPU s/rxn
Rule  56:     1 reactions 0.00e+000 CPU s 0.00e+000 CPU s/rxn
Rule  57:     1 reactions 0.00e+000 CPU s 0.00e+000 CPU s/rxn
Rule  58:     1 reactions 0.00e+000 CPU s 0.00e+000 CPU s/rxn
Rule  59:     1 reactions 0.00e+000 CPU s 0.00e+000 CPU s/rxn
Rule  60:     1 reactions 0.00e+000 CPU s 0.00e+000 CPU s/rxn
Rule  61:     1 reactions 0.00e+000 CPU s 0.00e+000 CPU s/rxn
Rule  62:     1 reactions 0.00e+000 CPU s 0.00e+000 CPU s/rxn
Rule  63:     1 reactions 0.00e+000 CPU s 0.00e+000 CPU s/rxn
Rule  64:     4 reactions 0.00e+000 CPU s 0.00e+000 CPU s/rxn
Rule  65:     8 reactions 1.60e-002 CPU s 2.00e-003 CPU s/rxn
Rule  66:     4 reactions 0.00e+000 CPU s 0.00e+000 CPU s/rxn
Rule  67:     2 reactions 0.00e+000 CPU s 0.00e+000 CPU s/rxn
Rule  68:     4 reactions 1.50e-002 CPU s 3.75e-003 CPU s/rxn
Rule  69:     1 reactions 0.00e+000 CPU s 0.00e+000 CPU s/rxn
Rule  70:     1 reactions 0.00e+000 CPU s 0.00e+000 CPU s/rxn
Rule  71:     2 reactions 1.60e-002 CPU s 8.00e-003 CPU s/rxn
Rule  72:     2 reactions 0.00e+000 CPU s 0.00e+000 CPU s/rxn
Rule  73:     2 reactions 0.00e+000 CPU s 0.00e+000 CPU s/rxn
Rule  74:     2 reactions 1.60e-002 CPU s 8.00e-003 CPU s/rxn
Rule  75:     2 reactions 0.00e+000 CPU s 0.00e+000 CPU s/rxn
Rule  76:     1 reactions 0.00e+000 CPU s 0.00e+000 CPU s/rxn
Rule  77:     1 reactions 0.00e+000 CPU s 0.00e+000 CPU s/rxn
Rule  78:     1 reactions 0.00e+000 CPU s 0.00e+000 CPU s/rxn
Rule  79:     1 reactions 1.60e-002 CPU s 1.60e-002 CPU s/rxn
Rule  80:     1 reactions 0.00e+000 CPU s 0.00e+000 CPU s/rxn
Rule  81:     1 reactions 0.00e+000 CPU s 0.00e+000 CPU s/rxn
Rule  82:     1 reactions 0.00e+000 CPU s 0.00e+000 CPU s/rxn
Rule  83:     1 reactions 0.00e+000 CPU s 0.00e+000 CPU s/rxn
Rule  84:     1 reactions 0.00e+000 CPU s 0.00e+000 CPU s/rxn
Rule  85:     1 reactions 1.50e-002 CPU s 1.50e-002 CPU s/rxn
Rule  86:     1 reactions 0.00e+000 CPU s 0.00e+000 CPU s/rxn
Rule  87:     1 reactions 0.00e+000 CPU s 0.00e+000 CPU s/rxn
Rule  88:     2 reactions 0.00e+000 CPU s 0.00e+000 CPU s/rxn
Rule  89:     2 reactions 0.00e+000 CPU s 0.00e+000 CPU s/rxn
Rule  90:     4 reactions 1.60e-002 CPU s 4.00e-003 CPU s/rxn
Rule  91:     4 reactions 0.00e+000 CPU s 0.00e+000 CPU s/rxn
Rule  92:     4 reactions 1.60e-002 CPU s 4.00e-003 CPU s/rxn
Rule  93:     2 reactions 0.00e+000 CPU s 0.00e+000 CPU s/rxn
Rule  94:     2 reactions 0.00e+000 CPU s 0.00e+000 CPU s/rxn
Rule  95:     4 reactions 0.00e+000 CPU s 0.00e+000 CPU s/rxn
Rule  96:     4 reactions 1.50e-002 CPU s 3.75e-003 CPU s/rxn
Rule  97:     4 reactions 0.00e+000 CPU s 0.00e+000 CPU s/rxn
Rule  98:     4 reactions 0.00e+000 CPU s 0.00e+000 CPU s/rxn
Rule  99:     4 reactions 1.60e-002 CPU s 4.00e-003 CPU s/rxn
Rule 100:     1 reactions 0.00e+000 CPU s 0.00e+000 CPU s/rxn
Rule 101:     1 reactions 0.00e+000 CPU s 0.00e+000 CPU s/rxn
Rule 102:     2 reactions 0.00e+000 CPU s 0.00e+000 CPU s/rxn
Rule 103:     2 reactions 0.00e+000 CPU s 0.00e+000 CPU s/rxn
Rule 104:     1 reactions 0.00e+000 CPU s 0.00e+000 CPU s/rxn
Rule 105:     1 reactions 0.00e+000 CPU s 0.00e+000 CPU s/rxn
Rule 106:     6 reactions 1.50e-002 CPU s 2.50e-003 CPU s/rxn
Rule 107:     1 reactions 0.00e+000 CPU s 0.00e+000 CPU s/rxn
Rule 108:     5 reactions 1.50e-002 CPU s 3.00e-003 CPU s/rxn
Rule 109:     2 reactions 0.00e+000 CPU s 0.00e+000 CPU s/rxn
Rule 110:     2 reactions 0.00e+000 CPU s 0.00e+000 CPU s/rxn
Rule 111:     4 reactions 0.00e+000 CPU s 0.00e+000 CPU s/rxn
Rule 112:     1 reactions 0.00e+000 CPU s 0.00e+000 CPU s/rxn
Rule 113:     1 reactions 0.00e+000 CPU s 0.00e+000 CPU s/rxn
Rule 114:     1 reactions 1.60e-002 CPU s 1.60e-002 CPU s/rxn
Rule 115:     2 reactions 0.00e+000 CPU s 0.00e+000 CPU s/rxn
Rule 116:     1 reactions 0.00e+000 CPU s 0.00e+000 CPU s/rxn
Rule 117:     1 reactions 0.00e+000 CPU s 0.00e+000 CPU s/rxn
Rule 118:     1 reactions 1.60e-002 CPU s 1.60e-002 CPU s/rxn
Rule 119:     2 reactions 0.00e+000 CPU s 0.00e+000 CPU s/rxn
Rule 120:     1 reactions 0.00e+000 CPU s 0.00e+000 CPU s/rxn
Rule 121:     1 reactions 1.50e-002 CPU s 1.50e-002 CPU s/rxn
Rule 122:     1 reactions 0.00e+000 CPU s 0.00e+000 CPU s/rxn
Rule 123:     2 reactions 0.00e+000 CPU s 0.00e+000 CPU s/rxn
Rule 124:     1 reactions 0.00e+000 CPU s 0.00e+000 CPU s/rxn
Total   :   282 reactions 5.00e-001 CPU s 1.77e-003 CPU s/rxn
Wrote network in net format to C:\Users\wolf5212\OneDrive - Nexus365\DPhil Project\Project04_Full cell cycle modelling\cell_cycle_model\versions\v3.1.0\results\cell_cycle_v3.1.0\2022-01-24_15-28-53\cell_cycle_v3.1.0.net.
CPU TIME: generate_network 0.53 s.
Wrote SBML to C:\Users\wolf5212\OneDrive - Nexus365\DPhil Project\Project04_Full cell cycle modelling\cell_cycle_model\versions\v3.1.0\results\cell_cycle_v3.1.0\2022-01-24_15-28-53\cell_cycle_v3.1.0_sbml.xml.
CPU TIME: writeSBML 0.01 s.
ACTION: simulate( method=>"cvode" )
Network simulation using cvode
WARNING: writeFile(): Overwriting existing file C:\Users\wolf5212\OneDrive - Nexus365\DPhil Project\Project04_Full cell cycle modelling\cell_cycle_model\versions\v3.1.0\results\cell_cycle_v3.1.0\2022-01-24_15-28-53\cell_cycle_v3.1.0.net.
Wrote network in net format to C:\Users\wolf5212\OneDrive - Nexus365\DPhil Project\Project04_Full cell cycle modelling\cell_cycle_model\versions\v3.1.0\results\cell_cycle_v3.1.0\2022-01-24_15-28-53\cell_cycle_v3.1.0.net.
Running run_network on DESKTOP-MMIB2CJ
full command: C:\Users\wolf5212\Downloads\RuleBender-2.3.2-win\RuleBender\BioNetGen-2.5.2\bin\run_network.exe -o C:\Users\wolf5212\OneDrive - Nexus365\DPhil Project\Project04_Full cell cycle modelling\cell_cycle_model\versions\v3.1.0\results\cell_cycle_v3.1.0\2022-01-24_15-28-53\cell_cycle_v3.1.0 -p cvode -a 1e-008 -r 1e-008 --cdat 1 --fdat 0 -g C:\Users\wolf5212\OneDrive - Nexus365\DPhil Project\Project04_Full cell cycle modelling\cell_cycle_model\versions\v3.1.0\results\cell_cycle_v3.1.0\2022-01-24_15-28-53\cell_cycle_v3.1.0.net C:\Users\wolf5212\OneDrive - Nexus365\DPhil Project\Project04_Full cell cycle modelling\cell_cycle_model\versions\v3.1.0\results\cell_cycle_v3.1.0\2022-01-24_15-28-53\cell_cycle_v3.1.0.net 73 1000
[simulation PID is: 30756]
run_network 3.0
Read 164 parameters from C:\Users\wolf5212\OneDrive - Nexus365\DPhil Project\Project04_Full cell cycle modelling\cell_cycle_model\versions\v3.1.0\results\cell_cycle_v3.1.0\2022-01-24_15-28-53\cell_cycle_v3.1.0.net
Read 65 species from C:\Users\wolf5212\OneDrive - Nexus365\DPhil Project\Project04_Full cell cycle modelling\cell_cycle_model\versions\v3.1.0\results\cell_cycle_v3.1.0\2022-01-24_15-28-53\cell_cycle_v3.1.0.net
Read 4 group(s) from C:\Users\wolf5212\OneDrive - Nexus365\DPhil Project\Project04_Full cell cycle modelling\cell_cycle_model\versions\v3.1.0\results\cell_cycle_v3.1.0\2022-01-24_15-28-53\cell_cycle_v3.1.0.net
Read 0 function(s) from C:\Users\wolf5212\OneDrive - Nexus365\DPhil Project\Project04_Full cell cycle modelling\cell_cycle_model\versions\v3.1.0\results\cell_cycle_v3.1.0\2022-01-24_15-28-53\cell_cycle_v3.1.0.net
Found species with index 0 at line 236: assuming this is the null species.
Found species with index 0 at line 241: assuming this is the null species.
Found species with index 0 at line 242: assuming this is the null species.
Found species with index 0 at line 302: assuming this is the null species.
Found species with index 0 at line 305: assuming this is the null species.
Found species with index 0 at line 333: assuming this is the null species.
Found species with index 0 at line 335: assuming this is the null species.
Found species with index 0 at line 345: assuming this is the null species.
Found species with index 0 at line 346: assuming this is the null species.
Found species with index 0 at line 353: assuming this is the null species.
Found species with index 0 at line 354: assuming this is the null species.
Found species with index 0 at line 361: assuming this is the null species.
Found species with index 0 at line 362: assuming this is the null species.
Found species with index 0 at line 379: assuming this is the null species.
Found species with index 0 at line 381: assuming this is the null species.
Found species with index 0 at line 382: assuming this is the null species.
Found species with index 0 at line 389: assuming this is the null species.
Found species with index 0 at line 395: assuming this is the null species.
Found species with index 0 at line 414: assuming this is the null species.
Found species with index 0 at line 455: assuming this is the null species.
Found species with index 0 at line 456: assuming this is the null species.
Found species with index 0 at line 460: assuming this is the null species.
Found species with index 0 at line 463: assuming this is the null species.
Found species with index 0 at line 495: assuming this is the null species.
Read 282 reaction(s) from C:\Users\wolf5212\OneDrive - Nexus365\DPhil Project\Project04_Full cell cycle modelling\cell_cycle_model\versions\v3.1.0\results\cell_cycle_v3.1.0\2022-01-24_15-28-53\cell_cycle_v3.1.0.net
Removed 12 reactions with zero rate
270 reaction(s) have nonzero rate
Initialization took 0.05 CPU seconds
Propagating with cvode using dense LU
Time course of concentrations written to file C:\Users\wolf5212\OneDrive - Nexus365\DPhil Project\Project04_Full cell cycle modelling\cell_cycle_model\versions\v3.1.0\results\cell_cycle_v3.1.0\2022-01-24_15-28-53\cell_cycle_v3.1.0.cdat.
Time course of groups written to file C:\Users\wolf5212\OneDrive - Nexus365\DPhil Project\Project04_Full cell cycle modelling\cell_cycle_model\versions\v3.1.0\results\cell_cycle_v3.1.0\2022-01-24_15-28-53\cell_cycle_v3.1.0.gdat.
Propagation took 7.19e-01 CPU seconds
Program times:  0.77 CPU s 1.00 clock s 
Updating species concentrations from C:\Users\wolf5212\OneDrive - Nexus365\DPhil Project\Project04_Full cell cycle modelling\cell_cycle_model\versions\v3.1.0\results\cell_cycle_v3.1.0\2022-01-24_15-28-53\cell_cycle_v3.1.0.cdat
CPU TIME: simulate 0.05 s.
Saved current species concentrations with label "DEFAULT"
CPU TIME: saveConcentrations 0.00 s.
Set concentration of species @cell::TP53(DBD,Ser15~p) to value 1*1
CPU TIME: setConcentration 0.00 s.
ACTION: simulate( method=>"cvode" )
Network simulation using cvode
WARNING: writeFile(): Overwriting existing file C:\Users\wolf5212\OneDrive - Nexus365\DPhil Project\Project04_Full cell cycle modelling\cell_cycle_model\versions\v3.1.0\results\cell_cycle_v3.1.0\2022-01-24_15-28-53\cell_cycle_v3.1.0.net.
Wrote network in net format to C:\Users\wolf5212\OneDrive - Nexus365\DPhil Project\Project04_Full cell cycle modelling\cell_cycle_model\versions\v3.1.0\results\cell_cycle_v3.1.0\2022-01-24_15-28-53\cell_cycle_v3.1.0.net.
Running run_network on DESKTOP-MMIB2CJ
full command: C:\Users\wolf5212\Downloads\RuleBender-2.3.2-win\RuleBender\BioNetGen-2.5.2\bin\run_network.exe -o C:\Users\wolf5212\OneDrive - Nexus365\DPhil Project\Project04_Full cell cycle modelling\cell_cycle_model\versions\v3.1.0\results\cell_cycle_v3.1.0\2022-01-24_15-28-53\cell_cycle_v3.1.0 -p cvode -a 1e-008 -r 1e-008 --cdat 1 --fdat 0 -x -i 73000 -g C:\Users\wolf5212\OneDrive - Nexus365\DPhil Project\Project04_Full cell cycle modelling\cell_cycle_model\versions\v3.1.0\results\cell_cycle_v3.1.0\2022-01-24_15-28-53\cell_cycle_v3.1.0.net C:\Users\wolf5212\OneDrive - Nexus365\DPhil Project\Project04_Full cell cycle modelling\cell_cycle_model\versions\v3.1.0\results\cell_cycle_v3.1.0\2022-01-24_15-28-53\cell_cycle_v3.1.0.net 77 1000
[simulation PID is: 6780]
run_network 3.0
Read 165 parameters from C:\Users\wolf5212\OneDrive - Nexus365\DPhil Project\Project04_Full cell cycle modelling\cell_cycle_model\versions\v3.1.0\results\cell_cycle_v3.1.0\2022-01-24_15-28-53\cell_cycle_v3.1.0.net
Read 65 species from C:\Users\wolf5212\OneDrive - Nexus365\DPhil Project\Project04_Full cell cycle modelling\cell_cycle_model\versions\v3.1.0\results\cell_cycle_v3.1.0\2022-01-24_15-28-53\cell_cycle_v3.1.0.net
Read 4 group(s) from C:\Users\wolf5212\OneDrive - Nexus365\DPhil Project\Project04_Full cell cycle modelling\cell_cycle_model\versions\v3.1.0\results\cell_cycle_v3.1.0\2022-01-24_15-28-53\cell_cycle_v3.1.0.net
Read 0 function(s) from C:\Users\wolf5212\OneDrive - Nexus365\DPhil Project\Project04_Full cell cycle modelling\cell_cycle_model\versions\v3.1.0\results\cell_cycle_v3.1.0\2022-01-24_15-28-53\cell_cycle_v3.1.0.net
Found species with index 0 at line 237: assuming this is the null species.
Found species with index 0 at line 242: assuming this is the null species.
Found species with index 0 at line 243: assuming this is the null species.
Found species with index 0 at line 303: assuming this is the null species.
Found species with index 0 at line 306: assuming this is the null species.
Found species with index 0 at line 334: assuming this is the null species.
Found species with index 0 at line 336: assuming this is the null species.
Found species with index 0 at line 346: assuming this is the null species.
Found species with index 0 at line 347: assuming this is the null species.
Found species with index 0 at line 354: assuming this is the null species.
Found species with index 0 at line 355: assuming this is the null species.
Found species with index 0 at line 362: assuming this is the null species.
Found species with index 0 at line 363: assuming this is the null species.
Found species with index 0 at line 380: assuming this is the null species.
Found species with index 0 at line 382: assuming this is the null species.
Found species with index 0 at line 383: assuming this is the null species.
Found species with index 0 at line 390: assuming this is the null species.
Found species with index 0 at line 396: assuming this is the null species.
Found species with index 0 at line 415: assuming this is the null species.
Found species with index 0 at line 456: assuming this is the null species.
Found species with index 0 at line 457: assuming this is the null species.
Found species with index 0 at line 461: assuming this is the null species.
Found species with index 0 at line 464: assuming this is the null species.
Found species with index 0 at line 496: assuming this is the null species.
Read 282 reaction(s) from C:\Users\wolf5212\OneDrive - Nexus365\DPhil Project\Project04_Full cell cycle modelling\cell_cycle_model\versions\v3.1.0\results\cell_cycle_v3.1.0\2022-01-24_15-28-53\cell_cycle_v3.1.0.net
Removed 12 reactions with zero rate
270 reaction(s) have nonzero rate
Initialization took 0.05 CPU seconds
Propagating with cvode using dense LU
Time course of concentrations written to file C:\Users\wolf5212\OneDrive - Nexus365\DPhil Project\Project04_Full cell cycle modelling\cell_cycle_model\versions\v3.1.0\results\cell_cycle_v3.1.0\2022-01-24_15-28-53\cell_cycle_v3.1.0.cdat.
Time course of groups written to file C:\Users\wolf5212\OneDrive - Nexus365\DPhil Project\Project04_Full cell cycle modelling\cell_cycle_model\versions\v3.1.0\results\cell_cycle_v3.1.0\2022-01-24_15-28-53\cell_cycle_v3.1.0.gdat.
Propagation took 5.94e-01 CPU seconds
Program times:  0.64 CPU s 1.00 clock s 
Updating species concentrations from C:\Users\wolf5212\OneDrive - Nexus365\DPhil Project\Project04_Full cell cycle modelling\cell_cycle_model\versions\v3.1.0\results\cell_cycle_v3.1.0\2022-01-24_15-28-53\cell_cycle_v3.1.0.cdat
CPU TIME: simulate 0.05 s.
Saved current species concentrations with label "DEFAULT"
CPU TIME: saveConcentrations 0.00 s.
Set concentration of species @cell::TP53(DBD,Ser15~p) to value 0*1
CPU TIME: setConcentration 0.00 s.
ACTION: simulate( method=>"cvode" )
Network simulation using cvode
WARNING: writeFile(): Overwriting existing file C:\Users\wolf5212\OneDrive - Nexus365\DPhil Project\Project04_Full cell cycle modelling\cell_cycle_model\versions\v3.1.0\results\cell_cycle_v3.1.0\2022-01-24_15-28-53\cell_cycle_v3.1.0.net.
Wrote network in net format to C:\Users\wolf5212\OneDrive - Nexus365\DPhil Project\Project04_Full cell cycle modelling\cell_cycle_model\versions\v3.1.0\results\cell_cycle_v3.1.0\2022-01-24_15-28-53\cell_cycle_v3.1.0.net.
Running run_network on DESKTOP-MMIB2CJ
full command: C:\Users\wolf5212\Downloads\RuleBender-2.3.2-win\RuleBender\BioNetGen-2.5.2\bin\run_network.exe -o C:\Users\wolf5212\OneDrive - Nexus365\DPhil Project\Project04_Full cell cycle modelling\cell_cycle_model\versions\v3.1.0\results\cell_cycle_v3.1.0\2022-01-24_15-28-53\cell_cycle_v3.1.0 -p cvode -a 1e-008 -r 1e-008 --cdat 1 --fdat 0 -x -i 150000 -g C:\Users\wolf5212\OneDrive - Nexus365\DPhil Project\Project04_Full cell cycle modelling\cell_cycle_model\versions\v3.1.0\results\cell_cycle_v3.1.0\2022-01-24_15-28-53\cell_cycle_v3.1.0.net C:\Users\wolf5212\OneDrive - Nexus365\DPhil Project\Project04_Full cell cycle modelling\cell_cycle_model\versions\v3.1.0\results\cell_cycle_v3.1.0\2022-01-24_15-28-53\cell_cycle_v3.1.0.net 130 1000
[simulation PID is: 33232]
run_network 3.0
Read 166 parameters from C:\Users\wolf5212\OneDrive - Nexus365\DPhil Project\Project04_Full cell cycle modelling\cell_cycle_model\versions\v3.1.0\results\cell_cycle_v3.1.0\2022-01-24_15-28-53\cell_cycle_v3.1.0.net
Read 65 species from C:\Users\wolf5212\OneDrive - Nexus365\DPhil Project\Project04_Full cell cycle modelling\cell_cycle_model\versions\v3.1.0\results\cell_cycle_v3.1.0\2022-01-24_15-28-53\cell_cycle_v3.1.0.net
Read 4 group(s) from C:\Users\wolf5212\OneDrive - Nexus365\DPhil Project\Project04_Full cell cycle modelling\cell_cycle_model\versions\v3.1.0\results\cell_cycle_v3.1.0\2022-01-24_15-28-53\cell_cycle_v3.1.0.net
Read 0 function(s) from C:\Users\wolf5212\OneDrive - Nexus365\DPhil Project\Project04_Full cell cycle modelling\cell_cycle_model\versions\v3.1.0\results\cell_cycle_v3.1.0\2022-01-24_15-28-53\cell_cycle_v3.1.0.net
Found species with index 0 at line 238: assuming this is the null species.
Found species with index 0 at line 243: assuming this is the null species.
Found species with index 0 at line 244: assuming this is the null species.
Found species with index 0 at line 304: assuming this is the null species.
Found species with index 0 at line 307: assuming this is the null species.
Found species with index 0 at line 335: assuming this is the null species.
Found species with index 0 at line 337: assuming this is the null species.
Found species with index 0 at line 347: assuming this is the null species.
Found species with index 0 at line 348: assuming this is the null species.
Found species with index 0 at line 355: assuming this is the null species.
Found species with index 0 at line 356: assuming this is the null species.
Found species with index 0 at line 363: assuming this is the null species.
Found species with index 0 at line 364: assuming this is the null species.
Found species with index 0 at line 381: assuming this is the null species.
Found species with index 0 at line 383: assuming this is the null species.
Found species with index 0 at line 384: assuming this is the null species.
Found species with index 0 at line 391: assuming this is the null species.
Found species with index 0 at line 397: assuming this is the null species.
Found species with index 0 at line 416: assuming this is the null species.
Found species with index 0 at line 457: assuming this is the null species.
Found species with index 0 at line 458: assuming this is the null species.
Found species with index 0 at line 462: assuming this is the null species.
Found species with index 0 at line 465: assuming this is the null species.
Found species with index 0 at line 497: assuming this is the null species.
Read 282 reaction(s) from C:\Users\wolf5212\OneDrive - Nexus365\DPhil Project\Project04_Full cell cycle modelling\cell_cycle_model\versions\v3.1.0\results\cell_cycle_v3.1.0\2022-01-24_15-28-53\cell_cycle_v3.1.0.net
Removed 12 reactions with zero rate
270 reaction(s) have nonzero rate
Initialization took 0.05 CPU seconds
Propagating with cvode using dense LU
Time course of concentrations written to file C:\Users\wolf5212\OneDrive - Nexus365\DPhil Project\Project04_Full cell cycle modelling\cell_cycle_model\versions\v3.1.0\results\cell_cycle_v3.1.0\2022-01-24_15-28-53\cell_cycle_v3.1.0.cdat.
Time course of groups written to file C:\Users\wolf5212\OneDrive - Nexus365\DPhil Project\Project04_Full cell cycle modelling\cell_cycle_model\versions\v3.1.0\results\cell_cycle_v3.1.0\2022-01-24_15-28-53\cell_cycle_v3.1.0.gdat.
Propagation took 6.40e-01 CPU seconds
Program times:  0.69 CPU s 1.00 clock s 
Updating species concentrations from C:\Users\wolf5212\OneDrive - Nexus365\DPhil Project\Project04_Full cell cycle modelling\cell_cycle_model\versions\v3.1.0\results\cell_cycle_v3.1.0\2022-01-24_15-28-53\cell_cycle_v3.1.0.cdat
CPU TIME: simulate 0.05 s.
Saved current species concentrations with label "DEFAULT"
CPU TIME: saveConcentrations 0.00 s.
Set concentration of species @cell::TP53(DBD,Ser15~p) to value 1*1
CPU TIME: setConcentration 0.00 s.
ACTION: simulate( method=>"cvode" )
Network simulation using cvode
WARNING: writeFile(): Overwriting existing file C:\Users\wolf5212\OneDrive - Nexus365\DPhil Project\Project04_Full cell cycle modelling\cell_cycle_model\versions\v3.1.0\results\cell_cycle_v3.1.0\2022-01-24_15-28-53\cell_cycle_v3.1.0.net.
Wrote network in net format to C:\Users\wolf5212\OneDrive - Nexus365\DPhil Project\Project04_Full cell cycle modelling\cell_cycle_model\versions\v3.1.0\results\cell_cycle_v3.1.0\2022-01-24_15-28-53\cell_cycle_v3.1.0.net.
Running run_network on DESKTOP-MMIB2CJ
full command: C:\Users\wolf5212\Downloads\RuleBender-2.3.2-win\RuleBender\BioNetGen-2.5.2\bin\run_network.exe -o C:\Users\wolf5212\OneDrive - Nexus365\DPhil Project\Project04_Full cell cycle modelling\cell_cycle_model\versions\v3.1.0\results\cell_cycle_v3.1.0\2022-01-24_15-28-53\cell_cycle_v3.1.0 -p cvode -a 1e-008 -r 1e-008 --cdat 1 --fdat 0 -x -i 280000 -g C:\Users\wolf5212\OneDrive - Nexus365\DPhil Project\Project04_Full cell cycle modelling\cell_cycle_model\versions\v3.1.0\results\cell_cycle_v3.1.0\2022-01-24_15-28-53\cell_cycle_v3.1.0.net C:\Users\wolf5212\OneDrive - Nexus365\DPhil Project\Project04_Full cell cycle modelling\cell_cycle_model\versions\v3.1.0\results\cell_cycle_v3.1.0\2022-01-24_15-28-53\cell_cycle_v3.1.0.net 40 1000
[simulation PID is: 32712]
run_network 3.0
Read 167 parameters from C:\Users\wolf5212\OneDrive - Nexus365\DPhil Project\Project04_Full cell cycle modelling\cell_cycle_model\versions\v3.1.0\results\cell_cycle_v3.1.0\2022-01-24_15-28-53\cell_cycle_v3.1.0.net
Read 65 species from C:\Users\wolf5212\OneDrive - Nexus365\DPhil Project\Project04_Full cell cycle modelling\cell_cycle_model\versions\v3.1.0\results\cell_cycle_v3.1.0\2022-01-24_15-28-53\cell_cycle_v3.1.0.net
Read 4 group(s) from C:\Users\wolf5212\OneDrive - Nexus365\DPhil Project\Project04_Full cell cycle modelling\cell_cycle_model\versions\v3.1.0\results\cell_cycle_v3.1.0\2022-01-24_15-28-53\cell_cycle_v3.1.0.net
Read 0 function(s) from C:\Users\wolf5212\OneDrive - Nexus365\DPhil Project\Project04_Full cell cycle modelling\cell_cycle_model\versions\v3.1.0\results\cell_cycle_v3.1.0\2022-01-24_15-28-53\cell_cycle_v3.1.0.net
Found species with index 0 at line 239: assuming this is the null species.
Found species with index 0 at line 244: assuming this is the null species.
Found species with index 0 at line 245: assuming this is the null species.
Found species with index 0 at line 305: assuming this is the null species.
Found species with index 0 at line 308: assuming this is the null species.
Found species with index 0 at line 336: assuming this is the null species.
Found species with index 0 at line 338: assuming this is the null species.
Found species with index 0 at line 348: assuming this is the null species.
Found species with index 0 at line 349: assuming this is the null species.
Found species with index 0 at line 356: assuming this is the null species.
Found species with index 0 at line 357: assuming this is the null species.
Found species with index 0 at line 364: assuming this is the null species.
Found species with index 0 at line 365: assuming this is the null species.
Found species with index 0 at line 382: assuming this is the null species.
Found species with index 0 at line 384: assuming this is the null species.
Found species with index 0 at line 385: assuming this is the null species.
Found species with index 0 at line 392: assuming this is the null species.
Found species with index 0 at line 398: assuming this is the null species.
Found species with index 0 at line 417: assuming this is the null species.
Found species with index 0 at line 458: assuming this is the null species.
Found species with index 0 at line 459: assuming this is the null species.
Found species with index 0 at line 463: assuming this is the null species.
Found species with index 0 at line 466: assuming this is the null species.
Found species with index 0 at line 498: assuming this is the null species.
Read 282 reaction(s) from C:\Users\wolf5212\OneDrive - Nexus365\DPhil Project\Project04_Full cell cycle modelling\cell_cycle_model\versions\v3.1.0\results\cell_cycle_v3.1.0\2022-01-24_15-28-53\cell_cycle_v3.1.0.net
Removed 12 reactions with zero rate
270 reaction(s) have nonzero rate
Initialization took 0.03 CPU seconds
Propagating with cvode using dense LU
Time course of concentrations written to file C:\Users\wolf5212\OneDrive - Nexus365\DPhil Project\Project04_Full cell cycle modelling\cell_cycle_model\versions\v3.1.0\results\cell_cycle_v3.1.0\2022-01-24_15-28-53\cell_cycle_v3.1.0.cdat.
Time course of groups written to file C:\Users\wolf5212\OneDrive - Nexus365\DPhil Project\Project04_Full cell cycle modelling\cell_cycle_model\versions\v3.1.0\results\cell_cycle_v3.1.0\2022-01-24_15-28-53\cell_cycle_v3.1.0.gdat.
Propagation took 5.77e-01 CPU seconds
Program times:  0.61 CPU s 0.00 clock s 
Updating species concentrations from C:\Users\wolf5212\OneDrive - Nexus365\DPhil Project\Project04_Full cell cycle modelling\cell_cycle_model\versions\v3.1.0\results\cell_cycle_v3.1.0\2022-01-24_15-28-53\cell_cycle_v3.1.0.cdat
CPU TIME: simulate 0.06 s.
Saved current species concentrations with label "DEFAULT"
CPU TIME: saveConcentrations 0.00 s.
Set concentration of species @cell::TP53(DBD,Ser15~p) to value 0*1
CPU TIME: setConcentration 0.00 s.
ACTION: simulate( method=>"cvode" )
Network simulation using cvode
WARNING: writeFile(): Overwriting existing file C:\Users\wolf5212\OneDrive - Nexus365\DPhil Project\Project04_Full cell cycle modelling\cell_cycle_model\versions\v3.1.0\results\cell_cycle_v3.1.0\2022-01-24_15-28-53\cell_cycle_v3.1.0.net.
Wrote network in net format to C:\Users\wolf5212\OneDrive - Nexus365\DPhil Project\Project04_Full cell cycle modelling\cell_cycle_model\versions\v3.1.0\results\cell_cycle_v3.1.0\2022-01-24_15-28-53\cell_cycle_v3.1.0.net.
Running run_network on DESKTOP-MMIB2CJ
full command: C:\Users\wolf5212\Downloads\RuleBender-2.3.2-win\RuleBender\BioNetGen-2.5.2\bin\run_network.exe -o C:\Users\wolf5212\OneDrive - Nexus365\DPhil Project\Project04_Full cell cycle modelling\cell_cycle_model\versions\v3.1.0\results\cell_cycle_v3.1.0\2022-01-24_15-28-53\cell_cycle_v3.1.0 -p cvode -a 1e-008 -r 1e-008 --cdat 1 --fdat 0 -x -i 320000 -g C:\Users\wolf5212\OneDrive - Nexus365\DPhil Project\Project04_Full cell cycle modelling\cell_cycle_model\versions\v3.1.0\results\cell_cycle_v3.1.0\2022-01-24_15-28-53\cell_cycle_v3.1.0.net C:\Users\wolf5212\OneDrive - Nexus365\DPhil Project\Project04_Full cell cycle modelling\cell_cycle_model\versions\v3.1.0\results\cell_cycle_v3.1.0\2022-01-24_15-28-53\cell_cycle_v3.1.0.net 80 1000
[simulation PID is: 28812]
run_network 3.0
Read 168 parameters from C:\Users\wolf5212\OneDrive - Nexus365\DPhil Project\Project04_Full cell cycle modelling\cell_cycle_model\versions\v3.1.0\results\cell_cycle_v3.1.0\2022-01-24_15-28-53\cell_cycle_v3.1.0.net
Read 65 species from C:\Users\wolf5212\OneDrive - Nexus365\DPhil Project\Project04_Full cell cycle modelling\cell_cycle_model\versions\v3.1.0\results\cell_cycle_v3.1.0\2022-01-24_15-28-53\cell_cycle_v3.1.0.net
Read 4 group(s) from C:\Users\wolf5212\OneDrive - Nexus365\DPhil Project\Project04_Full cell cycle modelling\cell_cycle_model\versions\v3.1.0\results\cell_cycle_v3.1.0\2022-01-24_15-28-53\cell_cycle_v3.1.0.net
Read 0 function(s) from C:\Users\wolf5212\OneDrive - Nexus365\DPhil Project\Project04_Full cell cycle modelling\cell_cycle_model\versions\v3.1.0\results\cell_cycle_v3.1.0\2022-01-24_15-28-53\cell_cycle_v3.1.0.net
Found species with index 0 at line 240: assuming this is the null species.
Found species with index 0 at line 245: assuming this is the null species.
Found species with index 0 at line 246: assuming this is the null species.
Found species with index 0 at line 306: assuming this is the null species.
Found species with index 0 at line 309: assuming this is the null species.
Found species with index 0 at line 337: assuming this is the null species.
Found species with index 0 at line 339: assuming this is the null species.
Found species with index 0 at line 349: assuming this is the null species.
Found species with index 0 at line 350: assuming this is the null species.
Found species with index 0 at line 357: assuming this is the null species.
Found species with index 0 at line 358: assuming this is the null species.
Found species with index 0 at line 365: assuming this is the null species.
Found species with index 0 at line 366: assuming this is the null species.
Found species with index 0 at line 383: assuming this is the null species.
Found species with index 0 at line 385: assuming this is the null species.
Found species with index 0 at line 386: assuming this is the null species.
Found species with index 0 at line 393: assuming this is the null species.
Found species with index 0 at line 399: assuming this is the null species.
Found species with index 0 at line 418: assuming this is the null species.
Found species with index 0 at line 459: assuming this is the null species.
Found species with index 0 at line 460: assuming this is the null species.
Found species with index 0 at line 464: assuming this is the null species.
Found species with index 0 at line 467: assuming this is the null species.
Found species with index 0 at line 499: assuming this is the null species.
Read 282 reaction(s) from C:\Users\wolf5212\OneDrive - Nexus365\DPhil Project\Project04_Full cell cycle modelling\cell_cycle_model\versions\v3.1.0\results\cell_cycle_v3.1.0\2022-01-24_15-28-53\cell_cycle_v3.1.0.net
Removed 12 reactions with zero rate
270 reaction(s) have nonzero rate
Initialization took 0.05 CPU seconds
Propagating with cvode using dense LU
Time course of concentrations written to file C:\Users\wolf5212\OneDrive - Nexus365\DPhil Project\Project04_Full cell cycle modelling\cell_cycle_model\versions\v3.1.0\results\cell_cycle_v3.1.0\2022-01-24_15-28-53\cell_cycle_v3.1.0.cdat.
Time course of groups written to file C:\Users\wolf5212\OneDrive - Nexus365\DPhil Project\Project04_Full cell cycle modelling\cell_cycle_model\versions\v3.1.0\results\cell_cycle_v3.1.0\2022-01-24_15-28-53\cell_cycle_v3.1.0.gdat.
Propagation took 6.57e-01 CPU seconds
Program times:  0.70 CPU s 1.00 clock s 
Updating species concentrations from C:\Users\wolf5212\OneDrive - Nexus365\DPhil Project\Project04_Full cell cycle modelling\cell_cycle_model\versions\v3.1.0\results\cell_cycle_v3.1.0\2022-01-24_15-28-53\cell_cycle_v3.1.0.cdat
CPU TIME: simulate 0.08 s.
Finished processing file C:\Users\wolf5212\OneDrive - Nexus365\DPhil Project\Project04_Full cell cycle modelling\cell_cycle_model\versions\v3.1.0\cell_cycle_v3.1.0.bngl.
CPU TIME: total 1.12 s.


