BioNetGen version 2.3.1
Reading from file C:\Users\wolf5212\OneDrive - Nexus365\DPhil Project\Project04_Full cell cycle modelling\cell_cycle_model\versions\v3.0.0\cell_cycle_v3.0.0.bngl (level 0)
Read 88 parameters.
Read 1 compartments.
Read 24 molecule types.
Read 50 species.
Read 95 reaction rule(s).
ACTION: generate_network( cell_cycle_v3.0.0 )
Iteration   0:    50 species      0 rxns  0.00e+000 CPU s
Iteration   1:    50 species    157 rxns  1.71e-001 CPU s
Cumulative CPU time for each rule
Rule   1:     1 reactions 0.00e+000 CPU s 0.00e+000 CPU s/rxn
Rule   2:     2 reactions 0.00e+000 CPU s 0.00e+000 CPU s/rxn
Rule   3:     1 reactions 0.00e+000 CPU s 0.00e+000 CPU s/rxn
Rule   4:     4 reactions 0.00e+000 CPU s 0.00e+000 CPU s/rxn
Rule   5:     2 reactions 0.00e+000 CPU s 0.00e+000 CPU s/rxn
Rule   6:     2 reactions 0.00e+000 CPU s 0.00e+000 CPU s/rxn
Rule   7:     2 reactions 1.50e-002 CPU s 7.50e-003 CPU s/rxn
Rule   8:     2 reactions 0.00e+000 CPU s 0.00e+000 CPU s/rxn
Rule   9:     2 reactions 0.00e+000 CPU s 0.00e+000 CPU s/rxn
Rule  10:     2 reactions 0.00e+000 CPU s 0.00e+000 CPU s/rxn
Rule  11:     2 reactions 0.00e+000 CPU s 0.00e+000 CPU s/rxn
Rule  12:     2 reactions 0.00e+000 CPU s 0.00e+000 CPU s/rxn
Rule  13:     2 reactions 0.00e+000 CPU s 0.00e+000 CPU s/rxn
Rule  14:     1 reactions 0.00e+000 CPU s 0.00e+000 CPU s/rxn
Rule  15:     1 reactions 1.60e-002 CPU s 1.60e-002 CPU s/rxn
Rule  16:     1 reactions 0.00e+000 CPU s 0.00e+000 CPU s/rxn
Rule  17:     1 reactions 0.00e+000 CPU s 0.00e+000 CPU s/rxn
Rule  18:     1 reactions 0.00e+000 CPU s 0.00e+000 CPU s/rxn
Rule  19:     1 reactions 0.00e+000 CPU s 0.00e+000 CPU s/rxn
Rule  20:     1 reactions 0.00e+000 CPU s 0.00e+000 CPU s/rxn
Rule  21:     1 reactions 0.00e+000 CPU s 0.00e+000 CPU s/rxn
Rule  22:     1 reactions 0.00e+000 CPU s 0.00e+000 CPU s/rxn
Rule  23:     1 reactions 0.00e+000 CPU s 0.00e+000 CPU s/rxn
Rule  24:     3 reactions 0.00e+000 CPU s 0.00e+000 CPU s/rxn
Rule  25:     3 reactions 0.00e+000 CPU s 0.00e+000 CPU s/rxn
Rule  26:     3 reactions 1.50e-002 CPU s 5.00e-003 CPU s/rxn
Rule  27:     2 reactions 0.00e+000 CPU s 0.00e+000 CPU s/rxn
Rule  28:     2 reactions 0.00e+000 CPU s 0.00e+000 CPU s/rxn
Rule  29:     2 reactions 1.60e-002 CPU s 8.00e-003 CPU s/rxn
Rule  30:     2 reactions 0.00e+000 CPU s 0.00e+000 CPU s/rxn
Rule  31:     2 reactions 0.00e+000 CPU s 0.00e+000 CPU s/rxn
Rule  32:     4 reactions 0.00e+000 CPU s 0.00e+000 CPU s/rxn
Rule  33:     2 reactions 0.00e+000 CPU s 0.00e+000 CPU s/rxn
Rule  34:     2 reactions 0.00e+000 CPU s 0.00e+000 CPU s/rxn
Rule  35:     2 reactions 1.60e-002 CPU s 8.00e-003 CPU s/rxn
Rule  36:     1 reactions 0.00e+000 CPU s 0.00e+000 CPU s/rxn
Rule  37:     1 reactions 0.00e+000 CPU s 0.00e+000 CPU s/rxn
Rule  38:     1 reactions 0.00e+000 CPU s 0.00e+000 CPU s/rxn
Rule  39:     1 reactions 0.00e+000 CPU s 0.00e+000 CPU s/rxn
Rule  40:     1 reactions 0.00e+000 CPU s 0.00e+000 CPU s/rxn
Rule  41:     1 reactions 0.00e+000 CPU s 0.00e+000 CPU s/rxn
Rule  42:     1 reactions 0.00e+000 CPU s 0.00e+000 CPU s/rxn
Rule  43:     1 reactions 0.00e+000 CPU s 0.00e+000 CPU s/rxn
Rule  44:     1 reactions 0.00e+000 CPU s 0.00e+000 CPU s/rxn
Rule  45:     1 reactions 1.50e-002 CPU s 1.50e-002 CPU s/rxn
Rule  46:     1 reactions 0.00e+000 CPU s 0.00e+000 CPU s/rxn
Rule  47:     1 reactions 0.00e+000 CPU s 0.00e+000 CPU s/rxn
Rule  48:     1 reactions 0.00e+000 CPU s 0.00e+000 CPU s/rxn
Rule  49:     2 reactions 0.00e+000 CPU s 0.00e+000 CPU s/rxn
Rule  50:     1 reactions 0.00e+000 CPU s 0.00e+000 CPU s/rxn
Rule  51:     1 reactions 0.00e+000 CPU s 0.00e+000 CPU s/rxn
Rule  52:     2 reactions 0.00e+000 CPU s 0.00e+000 CPU s/rxn
Rule  53:     4 reactions 0.00e+000 CPU s 0.00e+000 CPU s/rxn
Rule  54:     1 reactions 0.00e+000 CPU s 0.00e+000 CPU s/rxn
Rule  55:     1 reactions 0.00e+000 CPU s 0.00e+000 CPU s/rxn
Rule  56:     1 reactions 1.60e-002 CPU s 1.60e-002 CPU s/rxn
Rule  57:     1 reactions 0.00e+000 CPU s 0.00e+000 CPU s/rxn
Rule  58:     1 reactions 0.00e+000 CPU s 0.00e+000 CPU s/rxn
Rule  59:     1 reactions 0.00e+000 CPU s 0.00e+000 CPU s/rxn
Rule  60:     2 reactions 0.00e+000 CPU s 0.00e+000 CPU s/rxn
Rule  61:     4 reactions 0.00e+000 CPU s 0.00e+000 CPU s/rxn
Rule  62:     2 reactions 0.00e+000 CPU s 0.00e+000 CPU s/rxn
Rule  63:     2 reactions 0.00e+000 CPU s 0.00e+000 CPU s/rxn
Rule  64:     4 reactions 0.00e+000 CPU s 0.00e+000 CPU s/rxn
Rule  65:     1 reactions 0.00e+000 CPU s 0.00e+000 CPU s/rxn
Rule  66:     1 reactions 0.00e+000 CPU s 0.00e+000 CPU s/rxn
Rule  67:     2 reactions 0.00e+000 CPU s 0.00e+000 CPU s/rxn
Rule  68:     1 reactions 1.60e-002 CPU s 1.60e-002 CPU s/rxn
Rule  69:     1 reactions 0.00e+000 CPU s 0.00e+000 CPU s/rxn
Rule  70:     1 reactions 0.00e+000 CPU s 0.00e+000 CPU s/rxn
Rule  71:     1 reactions 0.00e+000 CPU s 0.00e+000 CPU s/rxn
Rule  72:     1 reactions 0.00e+000 CPU s 0.00e+000 CPU s/rxn
Rule  73:     1 reactions 0.00e+000 CPU s 0.00e+000 CPU s/rxn
Rule  74:     1 reactions 0.00e+000 CPU s 0.00e+000 CPU s/rxn
Rule  75:     1 reactions 0.00e+000 CPU s 0.00e+000 CPU s/rxn
Rule  76:     1 reactions 0.00e+000 CPU s 0.00e+000 CPU s/rxn
Rule  77:     1 reactions 0.00e+000 CPU s 0.00e+000 CPU s/rxn
Rule  78:     1 reactions 1.50e-002 CPU s 1.50e-002 CPU s/rxn
Rule  79:     1 reactions 0.00e+000 CPU s 0.00e+000 CPU s/rxn
Rule  80:     1 reactions 0.00e+000 CPU s 0.00e+000 CPU s/rxn
Rule  81:     1 reactions 0.00e+000 CPU s 0.00e+000 CPU s/rxn
Rule  82:     1 reactions 0.00e+000 CPU s 0.00e+000 CPU s/rxn
Rule  83:     1 reactions 0.00e+000 CPU s 0.00e+000 CPU s/rxn
Rule  84:     1 reactions 0.00e+000 CPU s 0.00e+000 CPU s/rxn
Rule  85:     2 reactions 0.00e+000 CPU s 0.00e+000 CPU s/rxn
Rule  86:     4 reactions 0.00e+000 CPU s 0.00e+000 CPU s/rxn
Rule  87:     4 reactions 1.60e-002 CPU s 4.00e-003 CPU s/rxn
Rule  88:     4 reactions 0.00e+000 CPU s 0.00e+000 CPU s/rxn
Rule  89:     2 reactions 0.00e+000 CPU s 0.00e+000 CPU s/rxn
Rule  90:     2 reactions 0.00e+000 CPU s 0.00e+000 CPU s/rxn
Rule  91:     2 reactions 0.00e+000 CPU s 0.00e+000 CPU s/rxn
Rule  92:     2 reactions 0.00e+000 CPU s 0.00e+000 CPU s/rxn
Rule  93:     2 reactions 1.50e-002 CPU s 7.50e-003 CPU s/rxn
Rule  94:     2 reactions 0.00e+000 CPU s 0.00e+000 CPU s/rxn
Rule  95:     2 reactions 0.00e+000 CPU s 0.00e+000 CPU s/rxn
Total   :   157 reactions 1.71e-001 CPU s 1.09e-003 CPU s/rxn
Wrote network in net format to C:\Users\wolf5212\OneDrive - Nexus365\DPhil Project\Project04_Full cell cycle modelling\cell_cycle_model\versions\v3.0.0\results\cell_cycle_v3.0.0\2021-12-27_20-21-23\cell_cycle_v3.0.0.net.
CPU TIME: generate_network 0.20 s.
Wrote SBML to C:\Users\wolf5212\OneDrive - Nexus365\DPhil Project\Project04_Full cell cycle modelling\cell_cycle_model\versions\v3.0.0\results\cell_cycle_v3.0.0\2021-12-27_20-21-23\cell_cycle_v3.0.0_sbml.xml.
CPU TIME: writeSBML 0.02 s.
ACTION: simulate( method=>"cvode" )
Network simulation using cvode
WARNING: writeFile(): Overwriting existing file C:\Users\wolf5212\OneDrive - Nexus365\DPhil Project\Project04_Full cell cycle modelling\cell_cycle_model\versions\v3.0.0\results\cell_cycle_v3.0.0\2021-12-27_20-21-23\cell_cycle_v3.0.0.net.
Wrote network in net format to C:\Users\wolf5212\OneDrive - Nexus365\DPhil Project\Project04_Full cell cycle modelling\cell_cycle_model\versions\v3.0.0\results\cell_cycle_v3.0.0\2021-12-27_20-21-23\cell_cycle_v3.0.0.net.
Running run_network on DESKTOP-MMIB2CJ
full command: C:\Users\wolf5212\Downloads\RuleBender-2.2.1-win64b\RuleBender-2.2.1-win64\BioNetGen-2.3\bin\run_network.exe -o C:\Users\wolf5212\OneDrive - Nexus365\DPhil Project\Project04_Full cell cycle modelling\cell_cycle_model\versions\v3.0.0\results\cell_cycle_v3.0.0\2021-12-27_20-21-23\cell_cycle_v3.0.0 -p cvode -a 1e-008 -r 1e-008 --cdat 1 --fdat 0 -g C:\Users\wolf5212\OneDrive - Nexus365\DPhil Project\Project04_Full cell cycle modelling\cell_cycle_model\versions\v3.0.0\results\cell_cycle_v3.0.0\2021-12-27_20-21-23\cell_cycle_v3.0.0.net C:\Users\wolf5212\OneDrive - Nexus365\DPhil Project\Project04_Full cell cycle modelling\cell_cycle_model\versions\v3.0.0\results\cell_cycle_v3.0.0\2021-12-27_20-21-23\cell_cycle_v3.0.0.net 100 1000
[simulation PID is: 34796]
run_network 3.0
Read 140 parameters
Read 50 species
Read 0 group(s) from C:\Users\wolf5212\OneDrive - Nexus365\DPhil Project\Project04_Full cell cycle modelling\cell_cycle_model\versions\v3.0.0\results\cell_cycle_v3.0.0\2021-12-27_20-21-23\cell_cycle_v3.0.0.net
Read 0 function(s)
Found species with index 0 at line 197: assuming this is the null species.
Found species with index 0 at line 201: assuming this is the null species.
Found species with index 0 at line 202: assuming this is the null species.
Found species with index 0 at line 221: assuming this is the null species.
Found species with index 0 at line 227: assuming this is the null species.
Found species with index 0 at line 229: assuming this is the null species.
Found species with index 0 at line 253: assuming this is the null species.
Found species with index 0 at line 255: assuming this is the null species.
Found species with index 0 at line 265: assuming this is the null species.
Found species with index 0 at line 266: assuming this is the null species.
Found species with index 0 at line 272: assuming this is the null species.
Found species with index 0 at line 273: assuming this is the null species.
Found species with index 0 at line 279: assuming this is the null species.
Found species with index 0 at line 280: assuming this is the null species.
Found species with index 0 at line 289: assuming this is the null species.
Found species with index 0 at line 291: assuming this is the null species.
Found species with index 0 at line 292: assuming this is the null species.
Found species with index 0 at line 299: assuming this is the null species.
Found species with index 0 at line 305: assuming this is the null species.
Found species with index 0 at line 324: assuming this is the null species.
Read 157 reaction(s)
Removed 3 reactions with zero rate
154 reaction(s) have nonzero rate
Initialization took 0.03 CPU seconds
Propagating with cvode using dense LU
Time course of concentrations written to file C:\Users\wolf5212\OneDrive - Nexus365\DPhil Project\Project04_Full cell cycle modelling\cell_cycle_model\versions\v3.0.0\results\cell_cycle_v3.0.0\2021-12-27_20-21-23\cell_cycle_v3.0.0.cdat.
Propagation took 4.06e-01 CPU seconds
Program times:  0.44 CPU s 0.00 clock s 
Updating species concentrations from C:\Users\wolf5212\OneDrive - Nexus365\DPhil Project\Project04_Full cell cycle modelling\cell_cycle_model\versions\v3.0.0\results\cell_cycle_v3.0.0\2021-12-27_20-21-23\cell_cycle_v3.0.0.cdat
CPU TIME: simulate 0.02 s.
Finished processing file C:\Users\wolf5212\OneDrive - Nexus365\DPhil Project\Project04_Full cell cycle modelling\cell_cycle_model\versions\v3.0.0\cell_cycle_v3.0.0.bngl.
CPU TIME: total 0.41 s.


